<?xml version="1.0" encoding="UTF-8"?>
<!-- Generated by org.testng.reporters.JUnitReportReporter -->
<testsuite skipped="0" hostname="LAPTOP-UB0BSS28" name="TestRunner.TestRunnerChrome" tests="1" failures="0" timestamp="15 Nov 2018 08:02:02 GMT" time="110.604" errors="0">
  <testcase name="feature" time="110.604" classname="TestRunner.TestRunnerChrome"/>
</testsuite> <!-- TestRunner.TestRunnerChrome -->
