<?xml version="1.0" encoding="UTF-8"?>
<!-- Generated by org.testng.reporters.JUnitReportReporter -->
<testsuite skipped="0" hostname="LAPTOP-UB0BSS28" name="TestRunner.TestRunner" tests="1" failures="0" timestamp="14 Nov 2018 19:36:34 GMT" time="126.067" errors="0">
  <testcase name="feature" time="126.067" classname="TestRunner.TestRunner"/>
</testsuite> <!-- TestRunner.TestRunner -->
